Arguments: 
  /Users/gugs/.nvm/versions/node/v9.11.1/bin/node /usr/local/Cellar/yarn/1.6.0/libexec/bin/yarn.js install

PATH: 
  /Library/Frameworks/Python.framework/Versions/3.6/bin:/Users/gugs/.nvm/versions/node/v9.11.1/bin:/usr/local/bin:/usr/bin:/bin:/usr/sbin:/sbin:/usr/local/go/bin

Yarn version: 
  1.6.0

Node version: 
  9.11.1

Platform: 
  darwin x64

Trace: 
  SyntaxError: /Users/gugs/oss/strict-uri-encode/package.json: Unexpected token } in JSON at position 699
      at JSON.parse (<anonymous>)
      at /usr/local/Cellar/yarn/1.6.0/libexec/lib/cli.js:1130:59
      at Generator.next (<anonymous>)
      at step (/usr/local/Cellar/yarn/1.6.0/libexec/lib/cli.js:98:30)
      at /usr/local/Cellar/yarn/1.6.0/libexec/lib/cli.js:109:13
      at <anonymous>

npm manifest: 
  {
  	"name": "strict-uri-encode",
  	"version": "2.0.0",
  	"description": "A stricter URI encode adhering to RFC 3986",
  	"license": "MIT",
  	"publishConfig": {
  		"registry": "https://npm.osslabs.net/"
  	},
  	"repository": "sylvestre67/strict-uri-encode",
  	"author": {
  		"name": "Kevin Mårtensson",
  		"email": "kevinmartensson@gmail.com",
  		"url": "github.com/kevva"
  	},
  	"engines": {
  		"node": ">=4"
  	},
  	"scripts": {
  		"build":"babel index.js -d dist",
  		"test": "xo && ava"
  	},
  	"files": [
  		"dist/"
  	],
  	"main": "dist/index.js",
  	"keywords": [
  		"component",
  		"encode",
  		"RFC3986",
  		"uri"
  	],
  	"devDependencies": {
  		"ava": "*",
  		"xo": "*",
  		"babel-cli": "^6.26.0",
  		"babel-preset-env": "^1.7.0",
  	}
  }

yarn manifest: 
  No manifest

Lockfile: 
  No lockfile
